# JRE version: Java(TM) SE Runtime Environment (7.0_45-b18) (build 1.7.0_45-b18)
# Java VM: Java HotSpot(TM) Client VM (24.45-b08 mixed mode windows-x86 )
Heap
 def new generation   total 22464K, used 12878K [0x053b0000, 0x06c10000, 0x0a900000)
  eden space 19968K,  51% used [0x053b0000, 0x05dd3ad8, 0x06730000)
  from space 2496K,  99% used [0x06730000, 0x0699fff8, 0x069a0000)
  to   space 2496K,   0% used [0x069a0000, 0x069a0000, 0x06c10000)
 tenured generation   total 49764K, used 36161K [0x0a900000, 0x0d999000, 0x153b0000)
   the space 49764K,  72% used [0x0a900000, 0x0cc504f0, 0x0cc50600, 0x0d999000)
 compacting perm gen  total 20736K, used 20577K [0x153b0000, 0x167f0000, 0x193b0000)
   the space 20736K,  99% used [0x153b0000, 0x167c85d0, 0x167c8600, 0x167f0000)
GC Heap History (10 events):
Event: 7.511 GC heap before
{Heap before GC invocations=32 (full 2):
 def new generation   total 14272K, used 14272K [0x053b0000, 0x06320000, 0x0a900000)
  eden space 12736K, 100% used [0x053b0000, 0x06020000, 0x06020000)
  from space 1536K, 100% used [0x06020000, 0x061a0000, 0x061a0000)
  to   space 1536K,   0% used [0x061a0000, 0x061a0000, 0x06320000)
 tenured generation   total 31500K, used 26708K [0x0a900000, 0x0c7c3000, 0x153b0000)
   the space 31500K,  84% used [0x0a900000, 0x0c3151d0, 0x0c315200, 0x0c7c3000)
 compacting perm gen  total 18944K, used 18745K [0x153b0000, 0x16630000, 0x193b0000)
   the space 18944K,  98% used [0x153b0000, 0x165fe478, 0x165fe600, 0x16630000)
No shared spaces configured.
Event: 7.515 GC heap after
Heap after GC invocations=33 (full 2):
 def new generation   total 14272K, used 1535K [0x053b0000, 0x06320000, 0x0a900000)
  eden space 12736K,   0% used [0x053b0000, 0x053b0000, 0x06020000)
  from space 1536K,  99% used [0x061a0000, 0x0631fff8, 0x06320000)
  to   space 1536K,   0% used [0x06020000, 0x06020000, 0x061a0000)
 tenured generation   total 31500K, used 28443K [0x0a900000, 0x0c7c3000, 0x153b0000)
   the space 31500K,  90% used [0x0a900000, 0x0c4c6fd8, 0x0c4c7000, 0x0c7c3000)
 compacting perm gen  total 18944K, used 18745K [0x153b0000, 0x16630000, 0x193b0000)
   the space 18944K,  98% used [0x153b0000, 0x165fe478, 0x165fe600, 0x16630000)
No shared spaces configured.
}
Event: 7.544 GC heap before
{Heap before GC invocations=33 (full 2):
 def new generation   total 14272K, used 14269K [0x053b0000, 0x06320000, 0x0a900000)
  eden space 12736K,  99% used [0x053b0000, 0x0601f5d0, 0x06020000)
  from space 1536K,  99% used [0x061a0000, 0x0631fff8, 0x06320000)
  to   space 1536K,   0% used [0x06020000, 0x06020000, 0x061a0000)
 tenured generation   total 31500K, used 28443K [0x0a900000, 0x0c7c3000, 0x153b0000)
   the space 31500K,  90% used [0x0a900000, 0x0c4c6fd8, 0x0c4c7000, 0x0c7c3000)
 compacting perm gen  total 19200K, used 18955K [0x153b0000, 0x16670000, 0x193b0000)
   the space 19200K,  98% used [0x153b0000, 0x16632e68, 0x16633000, 0x16670000)
No shared spaces configured.
Event: 7.547 GC heap after
Heap after GC invocations=34 (full 2):
 def new generation   total 14272K, used 1536K [0x053b0000, 0x06320000, 0x0a900000)
  eden space 12736K,   0% used [0x053b0000, 0x053b0000, 0x06020000)
  from space 1536K, 100% used [0x06020000, 0x061a0000, 0x061a0000)
  to   space 1536K,   0% used [0x061a0000, 0x061a0000, 0x06320000)
 tenured generation   total 31500K, used 30118K [0x0a900000, 0x0c7c3000, 0x153b0000)
   the space 31500K,  95% used [0x0a900000, 0x0c669a38, 0x0c669c00, 0x0c7c3000)
 compacting perm gen  total 19200K, used 18955K [0x153b0000, 0x16670000, 0x193b0000)
   the space 19200K,  98% used [0x153b0000, 0x16632e68, 0x16633000, 0x16670000)
No shared spaces configured.
}
Event: 7.624 GC heap before
{Heap before GC invocations=34 (full 2):
 def new generation   total 14272K, used 14272K [0x053b0000, 0x06320000, 0x0a900000)
  eden space 12736K, 100% used [0x053b0000, 0x06020000, 0x06020000)
  from space 1536K, 100% used [0x06020000, 0x061a0000, 0x061a0000)
  to   space 1536K,   0% used [0x061a0000, 0x061a0000, 0x06320000)
 tenured generation   total 31500K, used 30118K [0x0a900000, 0x0c7c3000, 0x153b0000)
   the space 31500K,  95% used [0x0a900000, 0x0c669a38, 0x0c669c00, 0x0c7c3000)
 compacting perm gen  total 19456K, used 19236K [0x153b0000, 0x166b0000, 0x193b0000)
   the space 19456K,  98% used [0x153b0000, 0x16679218, 0x16679400, 0x166b0000)
No shared spaces configured.
Event: 7.664 GC heap after
Heap after GC invocations=35 (full 3):
 def new generation   total 22464K, used 0K [0x053b0000, 0x06c10000, 0x0a900000)
  eden space 19968K,   0% used [0x053b0000, 0x053b0000, 0x06730000)
  from space 2496K,   0% used [0x06730000, 0x06730000, 0x069a0000)
  to   space 2496K,   0% used [0x069a0000, 0x069a0000, 0x06c10000)
 tenured generation   total 49764K, used 29856K [0x0a900000, 0x0d999000, 0x153b0000)
   the space 49764K,  59% used [0x0a900000, 0x0c6280b8, 0x0c628200, 0x0d999000)
 compacting perm gen  total 19456K, used 19236K [0x153b0000, 0x166b0000, 0x193b0000)
   the space 19456K,  98% used [0x153b0000, 0x16679218, 0x16679400, 0x166b0000)
No shared spaces configured.
}
Event: 7.916 GC heap before
{Heap before GC invocations=35 (full 3):
 def new generation   total 22464K, used 19968K [0x053b0000, 0x06c10000, 0x0a900000)
  eden space 19968K, 100% used [0x053b0000, 0x06730000, 0x06730000)
  from space 2496K,   0% used [0x06730000, 0x06730000, 0x069a0000)
  to   space 2496K,   0% used [0x069a0000, 0x069a0000, 0x06c10000)
 tenured generation   total 49764K, used 29856K [0x0a900000, 0x0d999000, 0x153b0000)
   the space 49764K,  59% used [0x0a900000, 0x0c6280b8, 0x0c628200, 0x0d999000)
 compacting perm gen  total 19968K, used 19840K [0x153b0000, 0x16730000, 0x193b0000)
   the space 19968K,  99% used [0x153b0000, 0x16710240, 0x16710400, 0x16730000)
No shared spaces configured.
Event: 7.920 GC heap after
Heap after GC invocations=36 (full 3):
 def new generation   total 22464K, used 2496K [0x053b0000, 0x06c10000, 0x0a900000)
  eden space 19968K,   0% used [0x053b0000, 0x053b0000, 0x06730000)
  from space 2496K, 100% used [0x069a0000, 0x06c10000, 0x06c10000)
  to   space 2496K,   0% used [0x06730000, 0x06730000, 0x069a0000)
 tenured generation   total 49764K, used 33498K [0x0a900000, 0x0d999000, 0x153b0000)
   the space 49764K,  67% used [0x0a900000, 0x0c9b6980, 0x0c9b6a00, 0x0d999000)
 compacting perm gen  total 19968K, used 19840K [0x153b0000, 0x16730000, 0x193b0000)
   the space 19968K,  99% used [0x153b0000, 0x16710240, 0x16710400, 0x16730000)
No shared spaces configured.
}
Event: 8.017 GC heap before
{Heap before GC invocations=36 (full 3):
 def new generation   total 22464K, used 22464K [0x053b0000, 0x06c10000, 0x0a900000)
  eden space 19968K, 100% used [0x053b0000, 0x06730000, 0x06730000)
  from space 2496K, 100% used [0x069a0000, 0x06c10000, 0x06c10000)
  to   space 2496K,   0% used [0x06730000, 0x06730000, 0x069a0000)
 tenured generation   total 49764K, used 33498K [0x0a900000, 0x0d999000, 0x153b0000)
   the space 49764K,  67% used [0x0a900000, 0x0c9b6980, 0x0c9b6a00, 0x0d999000)
 compacting perm gen  total 19968K, used 19916K [0x153b0000, 0x16730000, 0x193b0000)
   the space 19968K,  99% used [0x153b0000, 0x16723130, 0x16723200, 0x16730000)
No shared spaces configured.
Event: 8.022 GC heap after
Heap after GC invocations=37 (full 3):
 def new generation   total 22464K, used 2495K [0x053b0000, 0x06c10000, 0x0a900000)
  eden space 19968K,   0% used [0x053b0000, 0x053b0000, 0x06730000)
  from space 2496K,  99% used [0x06730000, 0x0699fff8, 0x069a0000)
  to   space 2496K,   0% used [0x069a0000, 0x069a0000, 0x06c10000)
 tenured generation   total 49764K, used 36161K [0x0a900000, 0x0d999000, 0x153b0000)
   the space 49764K,  72% used [0x0a900000, 0x0cc504f0, 0x0cc50600, 0x0d999000)
 compacting perm gen  total 19968K, used 19916K [0x153b0000, 0x16730000, 0x193b0000)
   the space 19968K,  99% used [0x153b0000, 0x16723130, 0x16723200, 0x16730000)
No shared spaces configured.
}

